<?xml version="1.0" encoding="UTF-8"?>
<!-- Generated by org.testng.reporters.JUnitXMLReporter -->
<testsuite hostname="THSVM10009" name="FFTest" tests="1" failures="1" timestamp="6 Jul 2016 08:45:29 GMT" time="195.334" errors="0">
  <testcase name="cSAmendContract_SystemLetter" time="107.161" classname="com.testhouse.TestScript.CustomerServices">
    <failure type="atu.testng.reports.exceptions.ATUReporterStepFailedException">
      <![CDATA[[ATU Custom Reporter Step Failed Exception]
	at atu.testng.reports.listeners.ATUReportsListener.onTestSuccess(Unknown Source)
... Removed 22 stack frames]]>
    </failure>
  </testcase> <!-- cSAmendContract_SystemLetter -->
</testsuite> <!-- FFTest -->
