<?xml version="1.0" encoding="UTF-8"?>
<testng-results skipped="0" failed="1" total="1" passed="0">
  <reporter-output>
    <line>
      <![CDATA[STEP1]]>
    </line>
    <line>
      <![CDATA[STEP2]]>
    </line>
  </reporter-output>
  <suite name="Suite" duration-ms="193349" started-at="2016-07-08T11:44:34Z" finished-at="2016-07-08T11:47:48Z">
    <groups>
    </groups>
    <test name="FFTest" duration-ms="193349" started-at="2016-07-08T11:44:34Z" finished-at="2016-07-08T11:47:48Z">
      <class name="com.testhouse.TestScript.CustomerServices">
        <test-method status="PASS" signature="setUp(java.lang.String)[pri:0, instance:com.testhouse.TestScript.CustomerServices@60c6f5b]" name="setUp" is-config="true" duration-ms="19283" started-at="2016-07-08T17:14:36Z" finished-at="2016-07-08T17:14:55Z">
          <params>
            <param index="0">
              <value>
                <![CDATA[Firefox]]>
              </value>
            </param>
          </params>
          <reporter-output>
          </reporter-output>
        </test-method> <!-- setUp -->
        <test-method status="FAIL" signature="cSAmendContract_ChangeTerm(java.util.HashMap)[pri:15, instance:com.testhouse.TestScript.CustomerServices@60c6f5b]" name="cSAmendContract_ChangeTerm" duration-ms="166545" started-at="2016-07-08T17:14:55Z" data-provider="databinding" finished-at="2016-07-08T17:17:42Z">
          <params>
            <param index="0">
              <value>
                <![CDATA[{Brand=BBC SKY AT NIGHT, Action=ADD_ENTITLEMENT, Username=vvijayakumar, IssueType=PAID, ReferenceNumber=DOVECU4347580, NumberOfIssues=2.0, Client=IMMEDIATE MEDIA, Reason=Term Change - Compensation , Password=Testhouse@123}]]>
              </value>
            </param>
          </params>
          <exception class="atu.testng.reports.exceptions.ATUReporterStepFailedException">
            <full-stacktrace>
              <![CDATA[[ATU Custom Reporter Step Failed Exception]
	at atu.testng.reports.listeners.ATUReportsListener.onTestSuccess(Unknown Source)
	at org.testng.internal.Invoker.runTestListeners(Invoker.java:1665)
	at org.testng.internal.Invoker.runTestListeners(Invoker.java:1645)
	at org.testng.internal.Invoker.invokeMethod(Invoker.java:703)
	at org.testng.internal.Invoker.invokeTestMethod(Invoker.java:823)
	at org.testng.internal.Invoker.invokeTestMethods(Invoker.java:1131)
	at org.testng.internal.TestMethodWorker.invokeTestMethods(TestMethodWorker.java:129)
	at org.testng.internal.TestMethodWorker.run(TestMethodWorker.java:112)
	at org.testng.TestRunner.privateRun(TestRunner.java:778)
	at org.testng.TestRunner.run(TestRunner.java:632)
	at org.testng.SuiteRunner.runTest(SuiteRunner.java:366)
	at org.testng.SuiteRunner.runSequentially(SuiteRunner.java:361)
	at org.testng.SuiteRunner.privateRun(SuiteRunner.java:319)
	at org.testng.SuiteRunner.run(SuiteRunner.java:268)
	at org.testng.SuiteRunnerWorker.runSuite(SuiteRunnerWorker.java:52)
	at org.testng.SuiteRunnerWorker.run(SuiteRunnerWorker.java:86)
	at org.testng.TestNG.runSuitesSequentially(TestNG.java:1225)
	at org.testng.TestNG.runSuitesLocally(TestNG.java:1150)
	at org.testng.TestNG.runSuites(TestNG.java:1075)
	at org.testng.TestNG.run(TestNG.java:1047)
	at org.testng.remote.AbstractRemoteTestNG.run(AbstractRemoteTestNG.java:126)
	at org.testng.remote.RemoteTestNG.initAndRun(RemoteTestNG.java:137)
	at org.testng.remote.RemoteTestNG.main(RemoteTestNG.java:58)
]]>
            </full-stacktrace>
          </exception> <!-- atu.testng.reports.exceptions.ATUReporterStepFailedException -->
          <reporter-output>
            <line>
              <![CDATA[STEP1]]>
            </line>
            <line>
              <![CDATA[STEP2]]>
            </line>
          </reporter-output>
        </test-method> <!-- cSAmendContract_ChangeTerm -->
        <test-method status="PASS" signature="tearDown()[pri:0, instance:com.testhouse.TestScript.CustomerServices@60c6f5b]" name="tearDown" is-config="true" duration-ms="6256" started-at="2016-07-08T17:17:42Z" finished-at="2016-07-08T17:17:48Z">
          <reporter-output>
          </reporter-output>
        </test-method> <!-- tearDown -->
      </class> <!-- com.testhouse.TestScript.CustomerServices -->
    </test> <!-- FFTest -->
  </suite> <!-- Suite -->
</testng-results>
